<?xml version="1.0" encoding="UTF-8"?>
<!-- Generated by org.testng.reporters.JUnitReportReporter -->
<testsuite hostname="LAPTOP-2GMD4EUC" failures="0" tests="8" name="com.TestCases.BNSPageTest" time="64.063" errors="0" timestamp="2020-11-25T11:23:37 EST" skipped="0">
  <testcase classname="com.TestCases.BNSPageTest" name="ExcelTest" time="14.695"/>
  <system-out/>
  <testcase classname="com.TestCases.BNSPageTest" name="ExcelTest" time="6.637"/>
  <system-out/>
  <testcase classname="com.TestCases.BNSPageTest" name="ExcelTest" time="6.999"/>
  <system-out/>
  <testcase classname="com.TestCases.BNSPageTest" name="ExcelTest" time="7.057"/>
  <system-out/>
  <testcase classname="com.TestCases.BNSPageTest" name="ExcelTest" time="7.874"/>
  <system-out/>
  <testcase classname="com.TestCases.BNSPageTest" name="ExcelTest" time="6.479"/>
  <system-out/>
  <testcase classname="com.TestCases.BNSPageTest" name="ExcelTest" time="7.500"/>
  <system-out/>
  <testcase classname="com.TestCases.BNSPageTest" name="ExcelTest" time="6.822"/>
  <system-out/>
</testsuite> <!-- com.TestCases.BNSPageTest -->
