<?xml version="1.0" encoding="UTF-8"?>
<!-- Generated by org.testng.reporters.JUnitReportReporter -->
<testsuite hostname="LAPTOP-2GMD4EUC" failures="0" tests="4" name="crossBrowser.MultiBrowserTest" time="74.776" errors="0" timestamp="08 May 2020 23:42:56 GMT" skipped="0">
  <testcase classname="crossBrowser.MultiBrowserTest" name="MultiBrowser" time="9.388"/>
  <testcase classname="crossBrowser.MultiBrowserTest" name="MultiBrowser" time="21.964"/>
  <testcase classname="crossBrowser.MultiBrowserTest" name="MultiBrowser" time="17.132"/>
  <testcase classname="crossBrowser.MultiBrowserTest" name="MultiBrowser" time="26.292"/>
</testsuite> <!-- crossBrowser.MultiBrowserTest -->
