<?xml version="1.0" encoding="UTF-8"?>
<!-- Generated by org.testng.reporters.JUnitReportReporter -->
<testsuite hostname="LAPTOP-2GMD4EUC" failures="0" tests="3" name="com.TestCases.FundTransfer2" time="14.244" errors="0" timestamp="16 Aug 2020 23:48:39 GMT" skipped="0">
  <testcase classname="com.TestCases.FundTransfer2" name="validPayeeValidAmount" time="7.523"/>
  <testcase classname="com.TestCases.FundTransfer2" name="validPayeeInvalidAmount" time="3.364"/>
  <testcase classname="com.TestCases.FundTransfer2" name="InvalidPayeeValidAmount" time="3.357"/>
</testsuite> <!-- com.TestCases.FundTransfer2 -->
